<?xml version="1.0" encoding="UTF-8"?>
<testsuite name="com.meituan.hotel.dsl.groovy.DslHttpTest" tests="1" skipped="0" failures="0" errors="0" timestamp="2021-03-02T12:46:15" hostname="DESKTOP-6G246KI" time="1.069">
  <properties/>
  <testcase name="testInt1()" classname="com.meituan.hotel.dsl.groovy.DslHttpTest" time="1.069"/>
  <system-out><![CDATA[mocked http result
]]></system-out>
  <system-err><![CDATA[SLF4J: Failed to load class "org.slf4j.impl.StaticLoggerBinder".
SLF4J: Defaulting to no-operation (NOP) logger implementation
SLF4J: See http://www.slf4j.org/codes.html#StaticLoggerBinder for further details.
]]></system-err>
</testsuite>
